Build started 19/11/2016 17:18:18.
     1>Project "C:\Users\Alex\Documents\code\graphics\07 OBJ loading with GLM v3 - quaternion_octree\objLoadingWIN32.vcxproj" on node 2 (Build target(s)).
     1>ClCompile:
         C:\Program Files (x86)\Microsoft Visual Studio 12.0\VC\bin\CL.exe /c /Zi /nologo /W3 /WX- /O2 /Oi /Oy- /GL /D WIN32 /D NDEBUG /D _WINDOWS /D _MBCS /Gm- /EHsc /MD /GS /Gy /fp:precise /Zc:wchar_t /Zc:forScope /Fo"Release\\" /Fd"Release\vc120.pdb" /Gd /TP /analyze- /errorReport:prompt main.cpp
         main.cpp
       Link:
         C:\Program Files (x86)\Microsoft Visual Studio 12.0\VC\bin\link.exe /ERRORREPORT:PROMPT /OUT:"C:\Users\Alex\Documents\code\graphics\07 OBJ loading with GLM v3 - quaternion_octree\Release\objLoadingWIN32.exe" /INCREMENTAL:NO /NOLOGO opengl32.lib glu32.lib nvImage.lib kernel32.lib user32.lib gdi32.lib winspool.lib comdlg32.lib advapi32.lib shell32.lib ole32.lib oleaut32.lib uuid.lib odbc32.lib odbccp32.lib /MANIFEST /MANIFESTUAC:"level='asInvoker' uiAccess='false'" /manifest:embed /DEBUG /PDB:"C:\Users\Alex\Documents\code\graphics\07 OBJ loading with GLM v3 - quaternion_octree\Release\objLoadingWIN32.pdb" /SUBSYSTEM:WINDOWS /OPT:REF /OPT:ICF /LTCG /TLBID:1 /DYNAMICBASE /NXCOMPAT /IMPLIB:"C:\Users\Alex\Documents\code\graphics\07 OBJ loading with GLM v3 - quaternion_octree\Release\objLoadingWIN32.lib" /MACHINE:X86 /SAFESEH Release\console.obj
         Release\Box.obj
         Release\main.obj
         Release\BoundingBox.obj
         Release\threeDModel.obj
         Release\imageLoaderPNG.obj
         Release\OBJLoader.obj
         Release\Vector2d.obj
         Release\Vector3d.obj
         Release\TextureHandler.obj
         Release\IntersectionTests.obj
         Release\Octree.obj
         Release\Shader.obj
         Generating code
         Finished generating code
         objLoadingWIN32.vcxproj -> C:\Users\Alex\Documents\code\graphics\07 OBJ loading with GLM v3 - quaternion_octree\Release\objLoadingWIN32.exe
     1>Done Building Project "C:\Users\Alex\Documents\code\graphics\07 OBJ loading with GLM v3 - quaternion_octree\objLoadingWIN32.vcxproj" (Build target(s)).

Build succeeded.

Time Elapsed 00:00:02.85
